<?xml version="1.0" encoding="UTF-8"?>
<!-- Generated by org.testng.reporters.JUnitReportReporter -->
<testsuite skipped="0" hostname="DESKTOP-BKV2V3R" name="com.beecowsite.scripts.LoginAccount" tests="7" failures="0" timestamp="12 Sep 2019 12:18:53 GMT" time="48.811" errors="0">
  <testcase name="TC_001" time="5.598" classname="com.beecowsite.scripts.LoginAccount"/>
  <testcase name="TC_002" time="5.040" classname="com.beecowsite.scripts.LoginAccount"/>
  <testcase name="TC_004" time="9.959" classname="com.beecowsite.scripts.LoginAccount"/>
  <testcase name="TC_005" time="6.014" classname="com.beecowsite.scripts.LoginAccount"/>
  <testcase name="TC_006" time="6.471" classname="com.beecowsite.scripts.LoginAccount"/>
  <testcase name="TC_007" time="10.496" classname="com.beecowsite.scripts.LoginAccount"/>
  <testcase name="TC_003" time="5.233" classname="com.beecowsite.scripts.LoginAccount"/>
</testsuite> <!-- com.beecowsite.scripts.LoginAccount -->
